{"C:\\Users\\thong\\OneDrive\\Máy tính\\To-do-list\\src\\database.ts": {"path":"C:\\Users\\thong\\OneDrive\\Máy tính\\To-do-list\\src\\database.ts","statementMap":{"0":{"start":{"line":1,"column":0},"end":{"line":1,"column":26}},"1":{"start":{"line":2,"column":0},"end":{"line":2,"column":37}},"2":{"start":{"line":3,"column":0},"end":{"line":3,"column":37}},"3":{"start":{"line":5,"column":13},"end":{"line":11,"column":3}},"4":{"start":{"line":13,"column":13},"end":{"line":20,"column":3}}},"fnMap":{},"branchMap":{},"s":{"0":1,"1":1,"2":1,"3":1,"4":1},"f":{},"b":{}}
,"C:\\Users\\thong\\OneDrive\\Máy tính\\To-do-list\\src\\seeder.ts": {"path":"C:\\Users\\thong\\OneDrive\\Máy tính\\To-do-list\\src\\seeder.ts","statementMap":{"0":{"start":{"line":1,"column":0},"end":{"line":1,"column":26}},"1":{"start":{"line":2,"column":0},"end":{"line":2,"column":43}},"2":{"start":{"line":3,"column":0},"end":{"line":3,"column":37}},"3":{"start":{"line":5,"column":28},"end":{"line":33,"column":2}},"4":{"start":{"line":5,"column":39},"end":{"line":33,"column":2}},"5":{"start":{"line":6,"column":2},"end":{"line":6,"column":47}},"6":{"start":{"line":9,"column":2},"end":{"line":12,"column":3}},"7":{"start":{"line":10,"column":4},"end":{"line":10,"column":37}},"8":{"start":{"line":11,"column":4},"end":{"line":11,"column":40}},"9":{"start":{"line":14,"column":25},"end":{"line":14,"column":58}},"10":{"start":{"line":17,"column":16},"end":{"line":17,"column":44}},"11":{"start":{"line":18,"column":2},"end":{"line":21,"column":3}},"12":{"start":{"line":19,"column":4},"end":{"line":19,"column":58}},"13":{"start":{"line":20,"column":4},"end":{"line":20,"column":11}},"14":{"start":{"line":23,"column":16},"end":{"line":29,"column":4}},"15":{"start":{"line":31,"column":2},"end":{"line":31,"column":37}},"16":{"start":{"line":32,"column":2},"end":{"line":32,"column":55}},"17":{"start":{"line":5,"column":13},"end":{"line":5,"column":28}}},"fnMap":{"0":{"name":"(anonymous_7)","decl":{"start":{"line":5,"column":28},"end":{"line":5,"column":37}},"loc":{"start":{"line":5,"column":39},"end":{"line":33,"column":2}}},"1":{"name":"(anonymous_8)","decl":{"start":{"line":5,"column":39},"end":{"line":5,"column":null}},"loc":{"start":{"line":5,"column":39},"end":{"line":33,"column":1}}}},"branchMap":{"0":{"loc":{"start":{"line":9,"column":2},"end":{"line":12,"column":3}},"type":"if","locations":[{"start":{"line":9,"column":2},"end":{"line":12,"column":3}}]},"1":{"loc":{"start":{"line":18,"column":2},"end":{"line":21,"column":3}},"type":"if","locations":[{"start":{"line":18,"column":2},"end":{"line":21,"column":3}}]}},"s":{"0":1,"1":1,"2":1,"3":1,"4":1,"5":1,"6":1,"7":0,"8":0,"9":1,"10":1,"11":1,"12":0,"13":0,"14":1,"15":1,"16":1,"17":1},"f":{"0":1,"1":1},"b":{"0":[0],"1":[0]}}
,"C:\\Users\\thong\\OneDrive\\Máy tính\\To-do-list\\src\\server.ts": {"path":"C:\\Users\\thong\\OneDrive\\Máy tính\\To-do-list\\src\\server.ts","statementMap":{"0":{"start":{"line":1,"column":0},"end":{"line":1,"column":30}},"1":{"start":{"line":2,"column":0},"end":{"line":2,"column":45}},"2":{"start":{"line":3,"column":0},"end":{"line":3,"column":43}},"3":{"start":{"line":4,"column":0},"end":{"line":4,"column":40}},"4":{"start":{"line":6,"column":12},"end":{"line":6,"column":21}},"5":{"start":{"line":7,"column":0},"end":{"line":7,"column":24}},"6":{"start":{"line":10,"column":0},"end":{"line":24,"column":5}},"7":{"start":{"line":11,"column":19},"end":{"line":20,"column":4}},"8":{"start":{"line":12,"column":4},"end":{"line":12,"column":39}},"9":{"start":{"line":14,"column":4},"end":{"line":14,"column":25}},"10":{"start":{"line":16,"column":4},"end":{"line":16,"column":38}},"11":{"start":{"line":19,"column":4},"end":{"line":19,"column":72}},"12":{"start":{"line":19,"column":27},"end":{"line":19,"column":70}},"13":{"start":{"line":22,"column":4},"end":{"line":22,"column":54}},"14":{"start":{"line":23,"column":4},"end":{"line":23,"column":20}},"15":{"start":{"line":25,"column":2},"end":{"line":25,"column":21}}},"fnMap":{"0":{"name":"(anonymous_8)","decl":{"start":{"line":11,"column":8},"end":{"line":11,"column":17}},"loc":{"start":{"line":11,"column":19},"end":{"line":20,"column":4}}},"1":{"name":"(anonymous_9)","decl":{"start":{"line":11,"column":19},"end":{"line":11,"column":null}},"loc":{"start":{"line":11,"column":19},"end":{"line":20,"column":3}}},"2":{"name":"(anonymous_10)","decl":{"start":{"line":19,"column":21},"end":{"line":19,"column":24}},"loc":{"start":{"line":19,"column":27},"end":{"line":19,"column":70}}},"3":{"name":"(anonymous_11)","decl":{"start":{"line":21,"column":9},"end":{"line":21,"column":10}},"loc":{"start":{"line":21,"column":17},"end":{"line":24,"column":3}}}},"branchMap":{},"s":{"0":1,"1":1,"2":1,"3":1,"4":1,"5":1,"6":1,"7":1,"8":1,"9":1,"10":1,"11":1,"12":1,"13":0,"14":0,"15":1},"f":{"0":1,"1":1,"2":1,"3":0},"b":{}}
,"C:\\Users\\thong\\OneDrive\\Máy tính\\To-do-list\\src\\entity\\Task.ts": {"path":"C:\\Users\\thong\\OneDrive\\Máy tính\\To-do-list\\src\\entity\\Task.ts","statementMap":{"0":{"start":{"line":1,"column":0},"end":{"line":1,"column":65}},"1":{"start":{"line":2,"column":0},"end":{"line":2,"column":26}},"2":{"start":{"line":5,"column":7},"end":{"line":18,"column":null}},"3":{"start":{"line":5,"column":13},"end":{"line":5,"column":17}},"4":{"start":{"line":7,"column":2},"end":{"line":7,"column":null}},"5":{"start":{"line":10,"column":2},"end":{"line":10,"column":null}},"6":{"start":{"line":13,"column":2},"end":{"line":13,"column":null}},"7":{"start":{"line":16,"column":2},"end":{"line":16,"column":null}},"8":{"start":{"line":5,"column":13},"end":{"line":18,"column":null}}},"fnMap":{},"branchMap":{},"s":{"0":1,"1":1,"2":1,"3":1,"4":1,"5":1,"6":1,"7":1,"8":1},"f":{},"b":{}}
,"C:\\Users\\thong\\OneDrive\\Máy tính\\To-do-list\\src\\routes\\taskRoutes.ts": {"path":"C:\\Users\\thong\\OneDrive\\Máy tính\\To-do-list\\src\\routes\\taskRoutes.ts","statementMap":{"0":{"start":{"line":1,"column":0},"end":{"line":1,"column":52}},"1":{"start":{"line":2,"column":0},"end":{"line":2,"column":44}},"2":{"start":{"line":3,"column":0},"end":{"line":3,"column":38}},"3":{"start":{"line":4,"column":0},"end":{"line":4,"column":56}},"4":{"start":{"line":6,"column":15},"end":{"line":6,"column":23}},"5":{"start":{"line":9,"column":0},"end":{"line":26,"column":3}},"6":{"start":{"line":9,"column":74},"end":{"line":26,"column":2}},"7":{"start":{"line":10,"column":39},"end":{"line":10,"column":47}},"8":{"start":{"line":12,"column":2},"end":{"line":14,"column":3}},"9":{"start":{"line":13,"column":4},"end":{"line":13,"column":77}},"10":{"start":{"line":15,"column":2},"end":{"line":17,"column":3}},"11":{"start":{"line":16,"column":4},"end":{"line":16,"column":106}},"12":{"start":{"line":19,"column":15},"end":{"line":19,"column":25}},"13":{"start":{"line":20,"column":2},"end":{"line":20,"column":19}},"14":{"start":{"line":21,"column":2},"end":{"line":21,"column":29}},"15":{"start":{"line":22,"column":2},"end":{"line":22,"column":25}},"16":{"start":{"line":24,"column":2},"end":{"line":24,"column":41}},"17":{"start":{"line":25,"column":2},"end":{"line":25,"column":91}},"18":{"start":{"line":29,"column":0},"end":{"line":37,"column":3}},"19":{"start":{"line":29,"column":73},"end":{"line":37,"column":2}},"20":{"start":{"line":30,"column":2},"end":{"line":36,"column":3}},"21":{"start":{"line":31,"column":18},"end":{"line":31,"column":56}},"22":{"start":{"line":32,"column":4},"end":{"line":32,"column":97}},"23":{"start":{"line":34,"column":4},"end":{"line":34,"column":52}},"24":{"start":{"line":35,"column":4},"end":{"line":35,"column":81}},"25":{"start":{"line":40,"column":0},"end":{"line":46,"column":3}},"26":{"start":{"line":40,"column":92},"end":{"line":46,"column":2}},"27":{"start":{"line":41,"column":15},"end":{"line":41,"column":91}},"28":{"start":{"line":42,"column":2},"end":{"line":44,"column":3}},"29":{"start":{"line":43,"column":4},"end":{"line":43,"column":74}},"30":{"start":{"line":45,"column":2},"end":{"line":45,"column":93}},"31":{"start":{"line":49,"column":0},"end":{"line":76,"column":3}},"32":{"start":{"line":49,"column":92},"end":{"line":76,"column":2}},"33":{"start":{"line":50,"column":39},"end":{"line":50,"column":47}},"34":{"start":{"line":51,"column":19},"end":{"line":51,"column":60}},"35":{"start":{"line":53,"column":13},"end":{"line":53,"column":70}},"36":{"start":{"line":54,"column":2},"end":{"line":56,"column":3}},"37":{"start":{"line":55,"column":4},"end":{"line":55,"column":74}},"38":{"start":{"line":58,"column":2},"end":{"line":63,"column":3}},"39":{"start":{"line":59,"column":4},"end":{"line":61,"column":5}},"40":{"start":{"line":60,"column":6},"end":{"line":60,"column":75}},"41":{"start":{"line":62,"column":4},"end":{"line":62,"column":21}},"42":{"start":{"line":64,"column":2},"end":{"line":66,"column":3}},"43":{"start":{"line":65,"column":4},"end":{"line":65,"column":79}},"44":{"start":{"line":67,"column":2},"end":{"line":69,"column":3}},"45":{"start":{"line":68,"column":4},"end":{"line":68,"column":96}},"46":{"start":{"line":71,"column":2},"end":{"line":71,"column":47}},"47":{"start":{"line":72,"column":2},"end":{"line":72,"column":41}},"48":{"start":{"line":74,"column":2},"end":{"line":74,"column":28}},"49":{"start":{"line":75,"column":2},"end":{"line":75,"column":91}},"50":{"start":{"line":79,"column":0},"end":{"line":89,"column":3}},"51":{"start":{"line":79,"column":95},"end":{"line":89,"column":2}},"52":{"start":{"line":80,"column":19},"end":{"line":80,"column":60}},"53":{"start":{"line":81,"column":15},"end":{"line":81,"column":72}},"54":{"start":{"line":83,"column":2},"end":{"line":85,"column":3}},"55":{"start":{"line":84,"column":4},"end":{"line":84,"column":74}},"56":{"start":{"line":87,"column":2},"end":{"line":87,"column":30}},"57":{"start":{"line":88,"column":2},"end":{"line":88,"column":85}},"58":{"start":{"line":91,"column":0},"end":{"line":91,"column":22}}},"fnMap":{"0":{"name":"(anonymous_8)","decl":{"start":{"line":9,"column":17},"end":{"line":9,"column":24}},"loc":{"start":{"line":9,"column":74},"end":{"line":26,"column":2}}},"1":{"name":"(anonymous_9)","decl":{"start":{"line":9,"column":74},"end":{"line":9,"column":null}},"loc":{"start":{"line":9,"column":74},"end":{"line":26,"column":1}}},"2":{"name":"(anonymous_10)","decl":{"start":{"line":29,"column":16},"end":{"line":29,"column":23}},"loc":{"start":{"line":29,"column":73},"end":{"line":37,"column":2}}},"3":{"name":"(anonymous_11)","decl":{"start":{"line":29,"column":73},"end":{"line":29,"column":null}},"loc":{"start":{"line":29,"column":73},"end":{"line":37,"column":1}}},"4":{"name":"(anonymous_12)","decl":{"start":{"line":40,"column":19},"end":{"line":40,"column":26}},"loc":{"start":{"line":40,"column":92},"end":{"line":46,"column":2}}},"5":{"name":"(anonymous_13)","decl":{"start":{"line":40,"column":92},"end":{"line":40,"column":null}},"loc":{"start":{"line":40,"column":92},"end":{"line":46,"column":1}}},"6":{"name":"(anonymous_14)","decl":{"start":{"line":49,"column":19},"end":{"line":49,"column":26}},"loc":{"start":{"line":49,"column":92},"end":{"line":76,"column":2}}},"7":{"name":"(anonymous_15)","decl":{"start":{"line":49,"column":92},"end":{"line":49,"column":null}},"loc":{"start":{"line":49,"column":92},"end":{"line":76,"column":1}}},"8":{"name":"(anonymous_16)","decl":{"start":{"line":79,"column":22},"end":{"line":79,"column":29}},"loc":{"start":{"line":79,"column":95},"end":{"line":89,"column":2}}},"9":{"name":"(anonymous_17)","decl":{"start":{"line":79,"column":95},"end":{"line":79,"column":null}},"loc":{"start":{"line":79,"column":95},"end":{"line":89,"column":1}}}},"branchMap":{"0":{"loc":{"start":{"line":12,"column":2},"end":{"line":14,"column":3}},"type":"if","locations":[{"start":{"line":12,"column":2},"end":{"line":14,"column":3}}]},"1":{"loc":{"start":{"line":12,"column":6},"end":{"line":12,"column":31}},"type":"binary-expr","locations":[{"start":{"line":12,"column":6},"end":{"line":12,"column":11}},{"start":{"line":12,"column":15},"end":{"line":12,"column":31}}]},"2":{"loc":{"start":{"line":15,"column":2},"end":{"line":17,"column":3}},"type":"if","locations":[{"start":{"line":15,"column":2},"end":{"line":17,"column":3}}]},"3":{"loc":{"start":{"line":15,"column":6},"end":{"line":15,"column":27}},"type":"binary-expr","locations":[{"start":{"line":15,"column":6},"end":{"line":15,"column":13}},{"start":{"line":15,"column":17},"end":{"line":15,"column":27}}]},"4":{"loc":{"start":{"line":42,"column":2},"end":{"line":44,"column":3}},"type":"if","locations":[{"start":{"line":42,"column":2},"end":{"line":44,"column":3}}]},"5":{"loc":{"start":{"line":54,"column":2},"end":{"line":56,"column":3}},"type":"if","locations":[{"start":{"line":54,"column":2},"end":{"line":56,"column":3}}]},"6":{"loc":{"start":{"line":58,"column":2},"end":{"line":63,"column":3}},"type":"if","locations":[{"start":{"line":58,"column":2},"end":{"line":63,"column":3}}]},"7":{"loc":{"start":{"line":59,"column":4},"end":{"line":61,"column":5}},"type":"if","locations":[{"start":{"line":59,"column":4},"end":{"line":61,"column":5}}]},"8":{"loc":{"start":{"line":64,"column":2},"end":{"line":66,"column":3}},"type":"if","locations":[{"start":{"line":64,"column":2},"end":{"line":66,"column":3}}]},"9":{"loc":{"start":{"line":64,"column":6},"end":{"line":64,"column":27}},"type":"binary-expr","locations":[{"start":{"line":64,"column":6},"end":{"line":64,"column":13}},{"start":{"line":64,"column":17},"end":{"line":64,"column":27}}]},"10":{"loc":{"start":{"line":67,"column":2},"end":{"line":69,"column":3}},"type":"if","locations":[{"start":{"line":67,"column":2},"end":{"line":69,"column":3}}]},"11":{"loc":{"start":{"line":67,"column":5},"end":{"line":67,"column":68}},"type":"binary-expr","locations":[{"start":{"line":67,"column":5},"end":{"line":67,"column":12}},{"start":{"line":67,"column":16},"end":{"line":67,"column":25}},{"start":{"line":67,"column":29},"end":{"line":67,"column":68}}]},"12":{"loc":{"start":{"line":71,"column":19},"end":{"line":71,"column":46}},"type":"binary-expr","locations":[{"start":{"line":71,"column":19},"end":{"line":71,"column":28}},{"start":{"line":71,"column":32},"end":{"line":71,"column":46}}]},"13":{"loc":{"start":{"line":72,"column":17},"end":{"line":72,"column":40}},"type":"binary-expr","locations":[{"start":{"line":72,"column":17},"end":{"line":72,"column":24}},{"start":{"line":72,"column":28},"end":{"line":72,"column":40}}]},"14":{"loc":{"start":{"line":83,"column":2},"end":{"line":85,"column":3}},"type":"if","locations":[{"start":{"line":83,"column":2},"end":{"line":85,"column":3}}]}},"s":{"0":1,"1":1,"2":1,"3":1,"4":1,"5":1,"6":1,"7":1,"8":1,"9":0,"10":1,"11":0,"12":1,"13":1,"14":1,"15":1,"16":1,"17":1,"18":1,"19":1,"20":1,"21":1,"22":1,"23":0,"24":0,"25":1,"26":1,"27":1,"28":1,"29":0,"30":1,"31":1,"32":1,"33":1,"34":1,"35":1,"36":1,"37":0,"38":1,"39":1,"40":0,"41":1,"42":1,"43":0,"44":1,"45":0,"46":1,"47":1,"48":1,"49":1,"50":1,"51":1,"52":1,"53":1,"54":1,"55":0,"56":1,"57":1,"58":1},"f":{"0":1,"1":1,"2":1,"3":1,"4":1,"5":1,"6":1,"7":1,"8":1,"9":1},"b":{"0":[0],"1":[1,1],"2":[0],"3":[1,0],"4":[0],"5":[0],"6":[1],"7":[0],"8":[0],"9":[1,0],"10":[0],"11":[1,0,0],"12":[1,1],"13":[1,1],"14":[0]}}
,"C:\\Users\\thong\\OneDrive\\Máy tính\\To-do-list\\src\\utils\\response\\ApiResponse.ts": {"path":"C:\\Users\\thong\\OneDrive\\Máy tính\\To-do-list\\src\\utils\\response\\ApiResponse.ts","statementMap":{"0":{"start":{"line":8,"column":6},"end":{"line":8,"column":35}},"1":{"start":{"line":9,"column":6},"end":{"line":9,"column":29}},"2":{"start":{"line":10,"column":6},"end":{"line":10,"column":31}},"3":{"start":{"line":11,"column":6},"end":{"line":11,"column":33}},"4":{"start":{"line":15,"column":6},"end":{"line":15,"column":56}},"5":{"start":{"line":19,"column":6},"end":{"line":19,"column":63}},"6":{"start":{"line":23,"column":2},"end":{"line":23,"column":29}}},"fnMap":{"0":{"name":"(anonymous_0)","decl":{"start":{"line":7,"column":4},"end":{"line":7,"column":24}},"loc":{"start":{"line":7,"column":85},"end":{"line":12,"column":5}}},"1":{"name":"(anonymous_1)","decl":{"start":{"line":14,"column":4},"end":{"line":14,"column":10}},"loc":{"start":{"line":14,"column":67},"end":{"line":16,"column":5}}},"2":{"name":"(anonymous_2)","decl":{"start":{"line":18,"column":4},"end":{"line":18,"column":10}},"loc":{"start":{"line":18,"column":68},"end":{"line":20,"column":5}}}},"branchMap":{"0":{"loc":{"start":{"line":10,"column":18},"end":{"line":10,"column":30}},"type":"cond-expr","locations":[{"start":{"line":10,"column":18},"end":{"line":10,"column":22}},{"start":{"line":10,"column":26},"end":{"line":10,"column":30}}]},"1":{"loc":{"start":{"line":10,"column":18},"end":{"line":10,"column":26}},"type":"binary-expr","locations":[{"start":{"line":10,"column":18},"end":{"line":10,"column":26}},{"start":{"line":10,"column":18},"end":{"line":10,"column":26}}]},"2":{"loc":{"start":{"line":11,"column":19},"end":{"line":11,"column":32}},"type":"cond-expr","locations":[{"start":{"line":11,"column":19},"end":{"line":11,"column":24}},{"start":{"line":11,"column":28},"end":{"line":11,"column":32}}]},"3":{"loc":{"start":{"line":11,"column":19},"end":{"line":11,"column":28}},"type":"binary-expr","locations":[{"start":{"line":11,"column":19},"end":{"line":11,"column":28}},{"start":{"line":11,"column":19},"end":{"line":11,"column":28}}]}},"s":{"0":5,"1":5,"2":5,"3":5,"4":5,"5":0,"6":1},"f":{"0":5,"1":5,"2":0},"b":{"0":[4,1],"1":[5,5],"2":[0,5],"3":[5,5]}}
}
