TN:
SF:src\database.ts
FNF:0
FNH:0
DA:1,1
DA:2,1
DA:3,1
DA:5,1
DA:13,1
LF:5
LH:5
BRF:0
BRH:0
end_of_record
TN:
SF:src\seeder.ts
FN:5,(anonymous_7)
FN:5,(anonymous_8)
FNF:2
FNH:2
FNDA:1,(anonymous_7)
FNDA:1,(anonymous_8)
DA:1,1
DA:2,1
DA:3,1
DA:5,1
DA:6,1
DA:9,1
DA:10,0
DA:11,0
DA:14,1
DA:17,1
DA:18,1
DA:19,0
DA:20,0
DA:23,1
DA:31,1
DA:32,1
LF:16
LH:12
BRDA:9,0,0,0
BRDA:18,1,0,0
BRF:2
BRH:0
end_of_record
TN:
SF:src\server.ts
FN:11,(anonymous_8)
FN:11,(anonymous_9)
FN:19,(anonymous_10)
FN:21,(anonymous_11)
FNF:4
FNH:3
FNDA:1,(anonymous_8)
FNDA:1,(anonymous_9)
FNDA:1,(anonymous_10)
FNDA:0,(anonymous_11)
DA:1,1
DA:2,1
DA:3,1
DA:4,1
DA:6,1
DA:7,1
DA:10,1
DA:11,1
DA:12,1
DA:14,1
DA:16,1
DA:19,1
DA:22,0
DA:23,0
DA:25,1
LF:15
LH:13
BRF:0
BRH:0
end_of_record
TN:
SF:src\entity\Task.ts
FNF:0
FNH:0
DA:1,1
DA:2,1
DA:5,1
DA:7,1
DA:10,1
DA:13,1
DA:16,1
LF:7
LH:7
BRF:0
BRH:0
end_of_record
TN:
SF:src\routes\taskRoutes.ts
FN:9,(anonymous_8)
FN:9,(anonymous_9)
FN:29,(anonymous_10)
FN:29,(anonymous_11)
FN:40,(anonymous_12)
FN:40,(anonymous_13)
FN:49,(anonymous_14)
FN:49,(anonymous_15)
FN:79,(anonymous_16)
FN:79,(anonymous_17)
FNF:10
FNH:10
FNDA:1,(anonymous_8)
FNDA:1,(anonymous_9)
FNDA:1,(anonymous_10)
FNDA:1,(anonymous_11)
FNDA:1,(anonymous_12)
FNDA:1,(anonymous_13)
FNDA:1,(anonymous_14)
FNDA:1,(anonymous_15)
FNDA:1,(anonymous_16)
FNDA:1,(anonymous_17)
DA:1,1
DA:2,1
DA:3,1
DA:4,1
DA:6,1
DA:9,1
DA:10,1
DA:12,1
DA:13,0
DA:15,1
DA:16,0
DA:19,1
DA:20,1
DA:21,1
DA:22,1
DA:24,1
DA:25,1
DA:29,1
DA:30,1
DA:31,1
DA:32,1
DA:34,0
DA:35,0
DA:40,1
DA:41,1
DA:42,1
DA:43,0
DA:45,1
DA:49,1
DA:50,1
DA:51,1
DA:53,1
DA:54,1
DA:55,0
DA:58,1
DA:59,1
DA:60,0
DA:62,1
DA:64,1
DA:65,0
DA:67,1
DA:68,0
DA:71,1
DA:72,1
DA:74,1
DA:75,1
DA:79,1
DA:80,1
DA:81,1
DA:83,1
DA:84,0
DA:87,1
DA:88,1
DA:91,1
LF:54
LH:44
BRDA:12,0,0,0
BRDA:12,1,0,1
BRDA:12,1,1,1
BRDA:15,2,0,0
BRDA:15,3,0,1
BRDA:15,3,1,0
BRDA:42,4,0,0
BRDA:54,5,0,0
BRDA:58,6,0,1
BRDA:59,7,0,0
BRDA:64,8,0,0
BRDA:64,9,0,1
BRDA:64,9,1,0
BRDA:67,10,0,0
BRDA:67,11,0,1
BRDA:67,11,1,0
BRDA:67,11,2,0
BRDA:71,12,0,1
BRDA:71,12,1,1
BRDA:72,13,0,1
BRDA:72,13,1,1
BRDA:83,14,0,0
BRF:22
BRH:10
end_of_record
TN:
SF:src\utils\response\ApiResponse.ts
FN:7,(anonymous_0)
FN:14,(anonymous_1)
FN:18,(anonymous_2)
FNF:3
FNH:2
FNDA:5,(anonymous_0)
FNDA:5,(anonymous_1)
FNDA:0,(anonymous_2)
DA:8,5
DA:9,5
DA:10,5
DA:11,5
DA:15,5
DA:19,0
DA:23,1
LF:7
LH:6
BRDA:10,0,0,4
BRDA:10,0,1,1
BRDA:10,1,0,5
BRDA:10,1,1,5
BRDA:11,2,0,0
BRDA:11,2,1,5
BRDA:11,3,0,5
BRDA:11,3,1,5
BRF:8
BRH:7
end_of_record
